Arguments: 
  /Users/olegapostol/.nvm/versions/node/v12.10.0/bin/node /usr/local/bin/yarn add @rollup/plugin-uglify

PATH: 
  /Users/olegapostol/.yarn/bin:/Users/olegapostol/.config/yarn/global/node_modules/.bin:/Users/olegapostol/projects/my/justorm/node_modules/.bin:/Users/olegapostol/.nvm/versions/node/v12.10.0//bin:/Users/olegapostol/.nvm/versions/node/v12.10.0//bin:/Users/olegapostol/.nvm/versions/node/v12.10.0//bin:/usr/local/sbin:/usr/local/bin:/usr/bin:/bin:/usr/sbin:/sbin:/Library/Apple/usr/bin:/Library/Frameworks/Mono.framework/Versions/Current/Commands

Yarn version: 
  1.6.0

Node version: 
  12.10.0

Platform: 
  darwin x64

Trace: 
  Error: https://registry.yarnpkg.com/@rollup%2fplugin-uglify: Not found
      at Request.params.callback [as _callback] (/usr/local/lib/node_modules/yarn/lib/cli.js:65327:18)
      at Request.self.callback (/usr/local/lib/node_modules/yarn/lib/cli.js:133155:22)
      at Request.emit (events.js:209:13)
      at Request.<anonymous> (/usr/local/lib/node_modules/yarn/lib/cli.js:134138:10)
      at Request.emit (events.js:209:13)
      at IncomingMessage.<anonymous> (/usr/local/lib/node_modules/yarn/lib/cli.js:134058:12)
      at Object.onceWrapper (events.js:298:28)
      at IncomingMessage.emit (events.js:214:15)
      at endReadableNT (_stream_readable.js:1178:12)
      at processTicksAndRejections (internal/process/task_queues.js:80:21)

npm manifest: 
  {
    "name": "justorm",
    "version": "1.4.0",
    "description": "Just store manager.",
    "author": "Oleg Apostol",
    "license": "ISC",
    "scripts": {
      "build": "rollup -c rollup.config.js",
      "dev": "yarn build -- --watch",
      "release": "standard-version"
    },
    "bugs": {
      "url": "https://github.com/apostololeg/justorm/issues"
    },
    "homepage": "https://github.com/apostololeg/justorm#readme",
    "repository": {
      "type": "git",
      "url": "git+https://github.com/apostololeg/justorm.git"
    },
    "keywords": [
      "store",
      "state",
      "manager",
      "proxy",
      "preact",
      "react"
    ],
    "main": "index.js",
    "sideEffects": false,
    "dependencies": {
      "@rollup/plugin-node-resolve": "^9.0.0",
      "nanoid": "^3.1.12",
      "nanoid-esm": "^2.1.0-esm.4",
      "rollup": "^2.28.2",
      "rollup-plugin-node-polyfills": "^0.2.1"
    },
    "devDependencies": {
      "compareq": "^1.1.3",
      "preact": "^10.4.0",
      "react": "^16.13.1"
    }
  }

yarn manifest: 
  No manifest

Lockfile: 
  # THIS IS AN AUTOGENERATED FILE. DO NOT EDIT THIS FILE DIRECTLY.
  # yarn lockfile v1
  
  
  "@rollup/plugin-node-resolve@^9.0.0":
    version "9.0.0"
    resolved "https://registry.yarnpkg.com/@rollup/plugin-node-resolve/-/plugin-node-resolve-9.0.0.tgz#39bd0034ce9126b39c1699695f440b4b7d2b62e6"
    dependencies:
      "@rollup/pluginutils" "^3.1.0"
      "@types/resolve" "1.17.1"
      builtin-modules "^3.1.0"
      deepmerge "^4.2.2"
      is-module "^1.0.0"
      resolve "^1.17.0"
  
  "@rollup/pluginutils@^3.1.0":
    version "3.1.0"
    resolved "https://registry.yarnpkg.com/@rollup/pluginutils/-/pluginutils-3.1.0.tgz#706b4524ee6dc8b103b3c995533e5ad680c02b9b"
    dependencies:
      "@types/estree" "0.0.39"
      estree-walker "^1.0.1"
      picomatch "^2.2.2"
  
  "@types/estree@0.0.39":
    version "0.0.39"
    resolved "https://registry.yarnpkg.com/@types/estree/-/estree-0.0.39.tgz#e177e699ee1b8c22d23174caaa7422644389509f"
  
  "@types/node@*":
    version "14.11.8"
    resolved "https://registry.yarnpkg.com/@types/node/-/node-14.11.8.tgz#fe2012f2355e4ce08bca44aeb3abbb21cf88d33f"
  
  "@types/resolve@1.17.1":
    version "1.17.1"
    resolved "https://registry.yarnpkg.com/@types/resolve/-/resolve-1.17.1.tgz#3afd6ad8967c77e4376c598a82ddd58f46ec45d6"
    dependencies:
      "@types/node" "*"
  
  builtin-modules@^3.1.0:
    version "3.1.0"
    resolved "https://registry.yarnpkg.com/builtin-modules/-/builtin-modules-3.1.0.tgz#aad97c15131eb76b65b50ef208e7584cd76a7484"
  
  compareq@^1.1.3:
    version "1.1.3"
    resolved "https://registry.yarnpkg.com/compareq/-/compareq-1.1.3.tgz#95c7069c1a8c7b117f431ca6cb31000281133068"
  
  deepmerge@^4.2.2:
    version "4.2.2"
    resolved "https://registry.yarnpkg.com/deepmerge/-/deepmerge-4.2.2.tgz#44d2ea3679b8f4d4ffba33f03d865fc1e7bf4955"
  
  estree-walker@^0.6.1:
    version "0.6.1"
    resolved "https://registry.yarnpkg.com/estree-walker/-/estree-walker-0.6.1.tgz#53049143f40c6eb918b23671d1fe3219f3a1b362"
  
  estree-walker@^1.0.1:
    version "1.0.1"
    resolved "https://registry.yarnpkg.com/estree-walker/-/estree-walker-1.0.1.tgz#31bc5d612c96b704106b477e6dd5d8aa138cb700"
  
  fsevents@~2.1.2:
    version "2.1.3"
    resolved "https://registry.yarnpkg.com/fsevents/-/fsevents-2.1.3.tgz#fb738703ae8d2f9fe900c33836ddebee8b97f23e"
  
  is-module@^1.0.0:
    version "1.0.0"
    resolved "https://registry.yarnpkg.com/is-module/-/is-module-1.0.0.tgz#3258fb69f78c14d5b815d664336b4cffb6441591"
  
  "js-tokens@^3.0.0 || ^4.0.0":
    version "4.0.0"
    resolved "https://registry.yarnpkg.com/js-tokens/-/js-tokens-4.0.0.tgz#19203fb59991df98e3a287050d4647cdeaf32499"
  
  loose-envify@^1.1.0, loose-envify@^1.4.0:
    version "1.4.0"
    resolved "https://registry.yarnpkg.com/loose-envify/-/loose-envify-1.4.0.tgz#71ee51fa7be4caec1a63839f7e682d8132d30caf"
    dependencies:
      js-tokens "^3.0.0 || ^4.0.0"
  
  magic-string@^0.25.3:
    version "0.25.7"
    resolved "https://registry.yarnpkg.com/magic-string/-/magic-string-0.25.7.tgz#3f497d6fd34c669c6798dcb821f2ef31f5445051"
    dependencies:
      sourcemap-codec "^1.4.4"
  
  nanoid-esm@^2.1.0-esm.4:
    version "2.1.0-esm.4"
    resolved "https://registry.yarnpkg.com/nanoid-esm/-/nanoid-esm-2.1.0-esm.4.tgz#a0797d858dd020a855787d43ebb2af6ab3f0cfeb"
  
  nanoid@^3.1.12:
    version "3.1.12"
    resolved "https://registry.yarnpkg.com/nanoid/-/nanoid-3.1.12.tgz#6f7736c62e8d39421601e4a0c77623a97ea69654"
  
  object-assign@^4.1.1:
    version "4.1.1"
    resolved "https://registry.yarnpkg.com/object-assign/-/object-assign-4.1.1.tgz#2109adc7965887cfc05cbbd442cac8bfbb360863"
  
  path-parse@^1.0.6:
    version "1.0.6"
    resolved "https://registry.yarnpkg.com/path-parse/-/path-parse-1.0.6.tgz#d62dbb5679405d72c4737ec58600e9ddcf06d24c"
  
  picomatch@^2.2.2:
    version "2.2.2"
    resolved "https://registry.yarnpkg.com/picomatch/-/picomatch-2.2.2.tgz#21f333e9b6b8eaff02468f5146ea406d345f4dad"
  
  preact@^10.4.0:
    version "10.4.0"
    resolved "https://registry.yarnpkg.com/preact/-/preact-10.4.0.tgz#90e10264a221690484a56344437a353ffac08600"
  
  prop-types@^15.6.2:
    version "15.7.2"
    resolved "https://registry.yarnpkg.com/prop-types/-/prop-types-15.7.2.tgz#52c41e75b8c87e72b9d9360e0206b99dcbffa6c5"
    dependencies:
      loose-envify "^1.4.0"
      object-assign "^4.1.1"
      react-is "^16.8.1"
  
  react-is@^16.8.1:
    version "16.13.1"
    resolved "https://registry.yarnpkg.com/react-is/-/react-is-16.13.1.tgz#789729a4dc36de2999dc156dd6c1d9c18cea56a4"
  
  react@^16.13.1:
    version "16.13.1"
    resolved "https://registry.yarnpkg.com/react/-/react-16.13.1.tgz#2e818822f1a9743122c063d6410d85c1e3afe48e"
    dependencies:
      loose-envify "^1.1.0"
      object-assign "^4.1.1"
      prop-types "^15.6.2"
  
  resolve@^1.17.0:
    version "1.17.0"
    resolved "https://registry.yarnpkg.com/resolve/-/resolve-1.17.0.tgz#b25941b54968231cc2d1bb76a79cb7f2c0bf8444"
    dependencies:
      path-parse "^1.0.6"
  
  rollup-plugin-inject@^3.0.0:
    version "3.0.2"
    resolved "https://registry.yarnpkg.com/rollup-plugin-inject/-/rollup-plugin-inject-3.0.2.tgz#e4233855bfba6c0c12a312fd6649dff9a13ee9f4"
    dependencies:
      estree-walker "^0.6.1"
      magic-string "^0.25.3"
      rollup-pluginutils "^2.8.1"
  
  rollup-plugin-node-polyfills@^0.2.1:
    version "0.2.1"
    resolved "https://registry.yarnpkg.com/rollup-plugin-node-polyfills/-/rollup-plugin-node-polyfills-0.2.1.tgz#53092a2744837164d5b8a28812ba5f3ff61109fd"
    dependencies:
      rollup-plugin-inject "^3.0.0"
  
  rollup-pluginutils@^2.8.1:
    version "2.8.2"
    resolved "https://registry.yarnpkg.com/rollup-pluginutils/-/rollup-pluginutils-2.8.2.tgz#72f2af0748b592364dbd3389e600e5a9444a351e"
    dependencies:
      estree-walker "^0.6.1"
  
  rollup@^2.28.2:
    version "2.29.0"
    resolved "https://registry.yarnpkg.com/rollup/-/rollup-2.29.0.tgz#0c5c5968530b21ca0e32f8b94b7cd9346cfb0eec"
    optionalDependencies:
      fsevents "~2.1.2"
  
  sourcemap-codec@^1.4.4:
    version "1.4.8"
    resolved "https://registry.yarnpkg.com/sourcemap-codec/-/sourcemap-codec-1.4.8.tgz#ea804bd94857402e6992d05a38ef1ae35a9ab4c4"
